{"level":"info","message":"Server is running on http://localhost:7000","timestamp":"2025-06-20T03:55:05.664Z"}
{"level":"info","message":"PostgreSQL connected!","timestamp":"2025-06-20T03:55:06.990Z"}
{"level":"info","message":"Server is running on http://localhost:7000","timestamp":"2025-06-20T13:38:47.083Z"}
{"level":"info","message":"PostgreSQL connected!","timestamp":"2025-06-20T13:38:47.748Z"}
{"error":"Illegal arguments: number, number","level":"error","message":"Registeration error :","timestamp":"2025-06-20T13:41:14.413Z"}
{"error":"Illegal arguments: number, number","level":"error","message":"Unhandled error :","stack":"Error: Illegal arguments: number, number\n    at _async (C:\\Users\\Viktorrrr!\\Desktop\\Personal_Finance_Manager\\node_modules\\bcryptjs\\umd\\index.js:233:15)\n    at C:\\Users\\Viktorrrr!\\Desktop\\Personal_Finance_Manager\\node_modules\\bcryptjs\\umd\\index.js:245:11\n    at new Promise (<anonymous>)\n    at Object.hash (C:\\Users\\Viktorrrr!\\Desktop\\Personal_Finance_Manager\\node_modules\\bcryptjs\\umd\\index.js:244:16)\n    at Register (C:\\Users\\Viktorrrr!\\Desktop\\Personal_Finance_Manager\\src\\Controllers\\auth.controller.ts:34:41)\n    at processTicksAndRejections (node:internal/process/task_queues:105:5)","timestamp":"2025-06-20T13:41:14.445Z"}
{"level":"info","message":"User registered","timestamp":"2025-06-20T13:42:08.384Z","userId":1}
{"level":"info","message":"Server is running on http://localhost:7000","timestamp":"2025-06-20T13:46:12.282Z"}
{"level":"info","message":"PostgreSQL connected!","timestamp":"2025-06-20T13:46:13.004Z"}
{"level":"info","message":"User registered","timestamp":"2025-06-20T13:46:22.698Z","userId":1}
{"level":"info","message":"Server is running on http://localhost:7000","timestamp":"2025-06-23T22:24:23.242Z"}
{"level":"info","message":"PostgreSQL connected!","timestamp":"2025-06-23T22:24:24.476Z"}
{"level":"info","message":"Budget notification scheduler started","timestamp":"2025-06-23T22:24:26.791Z"}
{"level":"info","message":"User registered","timestamp":"2025-06-23T22:26:03.129Z","userId":1}
{"error":"No token provided","level":"error","message":"Authentication error :","timestamp":"2025-06-23T22:29:23.436Z"}
{"error":"No token provided","level":"error","message":"Unhandled error :","stack":"Error: No token provided\n    at authenticate (C:\\Users\\Viktorrrr!\\Desktop\\Personal_Finance_Manager\\src\\Middlewares\\auth.middleware.ts:53:10)\n    at Layer.handleRequest (C:\\Users\\Viktorrrr!\\Desktop\\Personal_Finance_Manager\\node_modules\\router\\lib\\layer.js:152:17)\n    at next (C:\\Users\\Viktorrrr!\\Desktop\\Personal_Finance_Manager\\node_modules\\router\\lib\\route.js:157:13)\n    at Route.dispatch (C:\\Users\\Viktorrrr!\\Desktop\\Personal_Finance_Manager\\node_modules\\router\\lib\\route.js:117:3)\n    at handle (C:\\Users\\Viktorrrr!\\Desktop\\Personal_Finance_Manager\\node_modules\\router\\index.js:435:11)\n    at Layer.handleRequest (C:\\Users\\Viktorrrr!\\Desktop\\Personal_Finance_Manager\\node_modules\\router\\lib\\layer.js:152:17)\n    at C:\\Users\\Viktorrrr!\\Desktop\\Personal_Finance_Manager\\node_modules\\router\\index.js:295:15\n    at processParams (C:\\Users\\Viktorrrr!\\Desktop\\Personal_Finance_Manager\\node_modules\\router\\index.js:582:12)\n    at next (C:\\Users\\Viktorrrr!\\Desktop\\Personal_Finance_Manager\\node_modules\\router\\index.js:291:5)\n    at Function.handle (C:\\Users\\Viktorrrr!\\Desktop\\Personal_Finance_Manager\\node_modules\\router\\index.js:186:3)","timestamp":"2025-06-23T22:29:23.643Z"}
{"error":"invalid token","level":"error","message":"Authentication error :","timestamp":"2025-06-23T22:29:54.925Z"}
{"error":"invalid token","level":"error","message":"Unhandled error :","stack":"Error: invalid token\n    at authenticate (C:\\Users\\Viktorrrr!\\Desktop\\Personal_Finance_Manager\\src\\Middlewares\\auth.middleware.ts:53:10)\n    at Layer.handleRequest (C:\\Users\\Viktorrrr!\\Desktop\\Personal_Finance_Manager\\node_modules\\router\\lib\\layer.js:152:17)\n    at next (C:\\Users\\Viktorrrr!\\Desktop\\Personal_Finance_Manager\\node_modules\\router\\lib\\route.js:157:13)\n    at Route.dispatch (C:\\Users\\Viktorrrr!\\Desktop\\Personal_Finance_Manager\\node_modules\\router\\lib\\route.js:117:3)\n    at handle (C:\\Users\\Viktorrrr!\\Desktop\\Personal_Finance_Manager\\node_modules\\router\\index.js:435:11)\n    at Layer.handleRequest (C:\\Users\\Viktorrrr!\\Desktop\\Personal_Finance_Manager\\node_modules\\router\\lib\\layer.js:152:17)\n    at C:\\Users\\Viktorrrr!\\Desktop\\Personal_Finance_Manager\\node_modules\\router\\index.js:295:15\n    at processParams (C:\\Users\\Viktorrrr!\\Desktop\\Personal_Finance_Manager\\node_modules\\router\\index.js:582:12)\n    at next (C:\\Users\\Viktorrrr!\\Desktop\\Personal_Finance_Manager\\node_modules\\router\\index.js:291:5)\n    at Function.handle (C:\\Users\\Viktorrrr!\\Desktop\\Personal_Finance_Manager\\node_modules\\router\\index.js:186:3)","timestamp":"2025-06-23T22:29:55.034Z"}
{"error":"notNull Violation: Budget.createdAat cannot be null","level":"error","message":"Error creating budget :","timestamp":"2025-06-23T22:30:16.086Z"}
{"error":"notNull Violation: Budget.createdAat cannot be null","level":"error","message":"Unhandled error :","stack":"SequelizeValidationError: notNull Violation: Budget.createdAat cannot be null\n    at InstanceValidator._validate (C:\\Users\\Viktorrrr!\\Desktop\\Personal_Finance_Manager\\node_modules\\sequelize\\src\\instance-validator.js:78:13)\n    at processTicksAndRejections (node:internal/process/task_queues:105:5)\n    at async InstanceValidator._validateAndRunHooks (C:\\Users\\Viktorrrr!\\Desktop\\Personal_Finance_Manager\\node_modules\\sequelize\\src\\instance-validator.js:111:7)\n    at async InstanceValidator.validate (C:\\Users\\Viktorrrr!\\Desktop\\Personal_Finance_Manager\\node_modules\\sequelize\\src\\instance-validator.js:93:12)\n    at async Budget.save (C:\\Users\\Viktorrrr!\\Desktop\\Personal_Finance_Manager\\node_modules\\sequelize\\src\\model.js:4077:7)\n    at async Function.create (C:\\Users\\Viktorrrr!\\Desktop\\Personal_Finance_Manager\\node_modules\\sequelize\\src\\model.js:2305:12)\n    at async createBudget (C:\\Users\\Viktorrrr!\\Desktop\\Personal_Finance_Manager\\src\\Controllers\\budget.controller.ts:46:20)","timestamp":"2025-06-23T22:30:16.203Z"}
{"error":"Email already registered","level":"error","message":"Registeration error :","timestamp":"2025-06-23T22:31:48.512Z"}
{"error":"Email already registered","level":"error","message":"Unhandled error :","stack":"Error: Email already registered\n    at Register (C:\\Users\\Viktorrrr!\\Desktop\\Personal_Finance_Manager\\src\\Controllers\\auth.controller.ts:31:13)\n    at processTicksAndRejections (node:internal/process/task_queues:105:5)","timestamp":"2025-06-23T22:31:48.519Z"}
{"error":"Email already registered","level":"error","message":"Registeration error :","timestamp":"2025-06-23T22:32:11.573Z"}
{"error":"Email already registered","level":"error","message":"Unhandled error :","stack":"Error: Email already registered\n    at Register (C:\\Users\\Viktorrrr!\\Desktop\\Personal_Finance_Manager\\src\\Controllers\\auth.controller.ts:31:13)\n    at processTicksAndRejections (node:internal/process/task_queues:105:5)","timestamp":"2025-06-23T22:32:11.580Z"}
{"level":"info","message":"Server is running on http://localhost:7000","timestamp":"2025-06-23T22:32:43.594Z"}
{"level":"info","message":"PostgreSQL connected!","timestamp":"2025-06-23T22:32:44.284Z"}
{"level":"info","message":"Budget notification scheduler started","timestamp":"2025-06-23T22:32:45.299Z"}
{"level":"info","message":"User registered","timestamp":"2025-06-23T22:33:33.533Z","userId":1}
{"level":"info","message":"Server is running on http://localhost:7000","timestamp":"2025-06-23T22:34:17.762Z"}
{"level":"info","message":"PostgreSQL connected!","timestamp":"2025-06-23T22:34:18.518Z"}
{"level":"info","message":"Budget notification scheduler started","timestamp":"2025-06-23T22:34:19.942Z"}
{"level":"info","message":"User registered","timestamp":"2025-06-23T22:34:32.682Z","userId":1}
{"level":"info","message":"User logged in!","timestamp":"2025-06-23T22:35:06.372Z","userId":1}
{"level":"info","message":"Server is running on http://localhost:7000","timestamp":"2025-06-23T22:36:47.505Z"}
{"level":"info","message":"PostgreSQL connected!","timestamp":"2025-06-23T22:36:48.115Z"}
{"level":"info","message":"Budget notification scheduler started","timestamp":"2025-06-23T22:36:48.993Z"}
{"error":"User not found","level":"error","message":"Login error :","timestamp":"2025-06-23T22:36:51.992Z"}
{"error":"User not found","level":"error","message":"Unhandled error :","stack":"Error: User not found\n    at Login (C:\\Users\\Viktorrrr!\\Desktop\\Personal_Finance_Manager\\src\\Controllers\\auth.controller.ts:98:13)\n    at processTicksAndRejections (node:internal/process/task_queues:105:5)","timestamp":"2025-06-23T22:36:52.021Z"}
{"level":"info","message":"User registered","timestamp":"2025-06-23T22:37:50.066Z","token":"eyJhbGciOiJIUzI1NiIsInR5cCI6IkpXVCJ9.eyJpZCI6MSwiZW1haWwiOiJ0ZXN0QGV4YW1wbGUuY29tIiwiaWF0IjoxNzUwNzE4MjcwLCJleHAiOjE3NTA3MjE4NzB9.EiTJwHOGVs1ohW6X4yx4NtQcKcFlqIMptAzX1XnBVk0","userId":1}
{"level":"info","message":"User logged in!","timestamp":"2025-06-23T22:38:50.379Z","token":"eyJhbGciOiJIUzI1NiIsInR5cCI6IkpXVCJ9.eyJpZCI6MSwiZW1haWwiOiJ0ZXN0QGV4YW1wbGUuY29tIiwiaWF0IjoxNzUwNzE4MzMwLCJleHAiOjE3NTA3MjE5MzB9.THGTmJaI1Yohu4iua0alIuGO86HSwV7r6UihN9H9oU8","userId":1}
{"error":"notNull Violation: Budget.createdAat cannot be null","level":"error","message":"Error creating budget :","timestamp":"2025-06-23T22:40:53.630Z"}
{"error":"notNull Violation: Budget.createdAat cannot be null","level":"error","message":"Unhandled error :","stack":"SequelizeValidationError: notNull Violation: Budget.createdAat cannot be null\n    at InstanceValidator._validate (C:\\Users\\Viktorrrr!\\Desktop\\Personal_Finance_Manager\\node_modules\\sequelize\\src\\instance-validator.js:78:13)\n    at processTicksAndRejections (node:internal/process/task_queues:105:5)\n    at async InstanceValidator._validateAndRunHooks (C:\\Users\\Viktorrrr!\\Desktop\\Personal_Finance_Manager\\node_modules\\sequelize\\src\\instance-validator.js:111:7)\n    at async InstanceValidator.validate (C:\\Users\\Viktorrrr!\\Desktop\\Personal_Finance_Manager\\node_modules\\sequelize\\src\\instance-validator.js:93:12)\n    at async Budget.save (C:\\Users\\Viktorrrr!\\Desktop\\Personal_Finance_Manager\\node_modules\\sequelize\\src\\model.js:4077:7)\n    at async Function.create (C:\\Users\\Viktorrrr!\\Desktop\\Personal_Finance_Manager\\node_modules\\sequelize\\src\\model.js:2305:12)\n    at async createBudget (C:\\Users\\Viktorrrr!\\Desktop\\Personal_Finance_Manager\\src\\Controllers\\budget.controller.ts:46:20)","timestamp":"2025-06-23T22:40:53.753Z"}
{"level":"info","message":"Server is running on http://localhost:7000","timestamp":"2025-06-23T22:46:39.541Z"}
{"level":"info","message":"PostgreSQL connected!","timestamp":"2025-06-23T22:46:40.651Z"}
{"level":"info","message":"Budget notification scheduler started","timestamp":"2025-06-23T22:46:41.570Z"}
{"level":"info","message":"User registered","timestamp":"2025-06-23T22:47:22.737Z","token":"eyJhbGciOiJIUzI1NiIsInR5cCI6IkpXVCJ9.eyJpZCI6MSwiZW1haWwiOiJ0ZXN0QGV4YW1wbGUuY29tIiwiaWF0IjoxNzUwNzE4ODQyLCJleHAiOjE3NTA3MjI0NDJ9.Fr3oJFI-Lvf8AUim2us-BWMiGAqiJzNPQDMWaroXzfg","userId":1}
{"level":"info","message":"User logged in!","timestamp":"2025-06-23T22:48:09.521Z","token":"eyJhbGciOiJIUzI1NiIsInR5cCI6IkpXVCJ9.eyJpZCI6MSwiZW1haWwiOiJ0ZXN0QGV4YW1wbGUuY29tIiwiaWF0IjoxNzUwNzE4ODg5LCJleHAiOjE3NTA3MjI0ODl9.PvmliAMpfwIEqDbtmBDJsGoLk1Os5YYPJ2Ta4O5LHmQ","userId":1}
{"budgetId":1,"level":"info","message":"Budget created!","timestamp":"2025-06-23T22:49:13.708Z","userId":1}
{"error":"Missing required fields","level":"error","message":"Registeration error :","timestamp":"2025-06-23T22:52:51.515Z"}
{"error":"Missing required fields","level":"error","message":"Unhandled error :","stack":"Error: Missing required fields\n    at Register (C:\\Users\\Viktorrrr!\\Desktop\\Personal_Finance_Manager\\src\\Controllers\\auth.controller.ts:23:13)\n    at Layer.handleRequest (C:\\Users\\Viktorrrr!\\Desktop\\Personal_Finance_Manager\\node_modules\\router\\lib\\layer.js:152:17)\n    at next (C:\\Users\\Viktorrrr!\\Desktop\\Personal_Finance_Manager\\node_modules\\router\\lib\\route.js:157:13)\n    at Route.dispatch (C:\\Users\\Viktorrrr!\\Desktop\\Personal_Finance_Manager\\node_modules\\router\\lib\\route.js:117:3)\n    at handle (C:\\Users\\Viktorrrr!\\Desktop\\Personal_Finance_Manager\\node_modules\\router\\index.js:435:11)\n    at Layer.handleRequest (C:\\Users\\Viktorrrr!\\Desktop\\Personal_Finance_Manager\\node_modules\\router\\lib\\layer.js:152:17)\n    at C:\\Users\\Viktorrrr!\\Desktop\\Personal_Finance_Manager\\node_modules\\router\\index.js:295:15\n    at processParams (C:\\Users\\Viktorrrr!\\Desktop\\Personal_Finance_Manager\\node_modules\\router\\index.js:582:12)\n    at next (C:\\Users\\Viktorrrr!\\Desktop\\Personal_Finance_Manager\\node_modules\\router\\index.js:291:5)\n    at Function.handle (C:\\Users\\Viktorrrr!\\Desktop\\Personal_Finance_Manager\\node_modules\\router\\index.js:186:3)","timestamp":"2025-06-23T22:52:51.569Z"}
{"level":"info","message":"User logged in!","timestamp":"2025-06-23T22:53:04.651Z","token":"eyJhbGciOiJIUzI1NiIsInR5cCI6IkpXVCJ9.eyJpZCI6MSwiZW1haWwiOiJ0ZXN0QGV4YW1wbGUuY29tIiwiaWF0IjoxNzUwNzE5MTg0LCJleHAiOjE3NTA3MjI3ODR9.qkAX4whYd3_o5SpJVlZfFxGRvvZVhw3k1iF6nv1I4qQ","userId":1}
{"error":"Budget already exists for this groceries, 500, 6, 2025","level":"error","message":"Error creating budget :","timestamp":"2025-06-23T22:54:21.946Z"}
{"error":"Budget already exists for this groceries, 500, 6, 2025","level":"error","message":"Unhandled error :","stack":"Error: Budget already exists for this groceries, 500, 6, 2025\n    at createBudget (C:\\Users\\Viktorrrr!\\Desktop\\Personal_Finance_Manager\\src\\Controllers\\budget.controller.ts:40:13)\n    at processTicksAndRejections (node:internal/process/task_queues:105:5)","timestamp":"2025-06-23T22:54:21.996Z"}
{"error":"Validation failed","level":"error","message":"Error creating budget :","timestamp":"2025-06-23T22:54:41.064Z"}
{"error":"Validation failed","level":"error","message":"Unhandled error :","stack":"Error: Validation failed\n    at createBudget (C:\\Users\\Viktorrrr!\\Desktop\\Personal_Finance_Manager\\src\\Controllers\\budget.controller.ts:23:13)\n    at Layer.handleRequest (C:\\Users\\Viktorrrr!\\Desktop\\Personal_Finance_Manager\\node_modules\\router\\lib\\layer.js:152:17)\n    at next (C:\\Users\\Viktorrrr!\\Desktop\\Personal_Finance_Manager\\node_modules\\router\\lib\\route.js:157:13)\n    at middleware (C:\\Users\\Viktorrrr!\\Desktop\\Personal_Finance_Manager\\node_modules\\express-validator\\lib\\middlewares\\check.js:16:13)\n    at processTicksAndRejections (node:internal/process/task_queues:105:5)","timestamp":"2025-06-23T22:54:41.093Z"}
{"budgetId":2,"level":"info","message":"Budget created!","timestamp":"2025-06-23T22:55:25.729Z","userId":1}
{"budgetId":3,"level":"info","message":"Budget created!","timestamp":"2025-06-23T22:56:35.730Z","userId":1}
{"level":"info","message":"Server is running on http://localhost:7000","timestamp":"2025-06-23T23:02:13.878Z"}
{"level":"info","message":"PostgreSQL connected!","timestamp":"2025-06-23T23:02:14.510Z"}
{"level":"info","message":"Budget notification scheduler started","timestamp":"2025-06-23T23:02:15.448Z"}
{"level":"info","message":"User registered","timestamp":"2025-06-23T23:02:19.292Z","token":"eyJhbGciOiJIUzI1NiIsInR5cCI6IkpXVCJ9.eyJpZCI6MSwiZW1haWwiOiJ0ZXN0QGV4YW1wbGUuY29tIiwiaWF0IjoxNzUwNzE5NzM5LCJleHAiOjE3NTA3MjMzMzl9.UiuAbQlmC-c84FX2aRuITX3tDZBzbwjo387euGG7Wp4","userId":1}
{"level":"info","message":"User logged in!","timestamp":"2025-06-23T23:02:41.046Z","token":"eyJhbGciOiJIUzI1NiIsInR5cCI6IkpXVCJ9.eyJpZCI6MSwiZW1haWwiOiJ0ZXN0QGV4YW1wbGUuY29tIiwiaWF0IjoxNzUwNzE5NzYxLCJleHAiOjE3NTA3MjMzNjF9.WauK4LZIvmRrnCaqVb-Kp07I8n8HLd94J_HBwv7H2k8","userId":1}
{"budgetId":1,"level":"info","message":"Budget created!","timestamp":"2025-06-23T23:03:29.020Z","userId":1}
{"error":"notNull Violation: Transaction.createdAat cannot be null","level":"error","message":"Failed to create transaction :","timestamp":"2025-06-23T23:07:23.893Z"}
{"error":"notNull Violation: Transaction.createdAat cannot be null","level":"error","message":"Unhandled error :","stack":"SequelizeValidationError: notNull Violation: Transaction.createdAat cannot be null\n    at InstanceValidator._validate (C:\\Users\\Viktorrrr!\\Desktop\\Personal_Finance_Manager\\node_modules\\sequelize\\src\\instance-validator.js:78:13)\n    at processTicksAndRejections (node:internal/process/task_queues:105:5)\n    at async InstanceValidator._validateAndRunHooks (C:\\Users\\Viktorrrr!\\Desktop\\Personal_Finance_Manager\\node_modules\\sequelize\\src\\instance-validator.js:111:7)\n    at async InstanceValidator.validate (C:\\Users\\Viktorrrr!\\Desktop\\Personal_Finance_Manager\\node_modules\\sequelize\\src\\instance-validator.js:93:12)\n    at async Transaction.save (C:\\Users\\Viktorrrr!\\Desktop\\Personal_Finance_Manager\\node_modules\\sequelize\\src\\model.js:4077:7)\n    at async Function.create (C:\\Users\\Viktorrrr!\\Desktop\\Personal_Finance_Manager\\node_modules\\sequelize\\src\\model.js:2305:12)\n    at async createTransaction (C:\\Users\\Viktorrrr!\\Desktop\\Personal_Finance_Manager\\src\\Controllers\\transaction.controller.ts:32:25)","timestamp":"2025-06-23T23:07:24.075Z"}
{"level":"info","message":"Server is running on http://localhost:7000","timestamp":"2025-06-23T23:08:41.749Z"}
{"level":"info","message":"PostgreSQL connected!","timestamp":"2025-06-23T23:08:42.705Z"}
{"level":"info","message":"Budget notification scheduler started","timestamp":"2025-06-23T23:08:43.743Z"}
{"level":"info","message":"User registered","timestamp":"2025-06-23T23:09:10.855Z","token":"eyJhbGciOiJIUzI1NiIsInR5cCI6IkpXVCJ9.eyJpZCI6MSwiZW1haWwiOiJ0ZXN0QGV4YW1wbGUuY29tIiwiaWF0IjoxNzUwNzIwMTUwLCJleHAiOjE3NTA3MjM3NTB9.XgTWhgX7ume32wdrbJdXVGTTT_ItYbecKX5VwriGHJc","userId":1}
{"level":"info","message":"User logged in!","timestamp":"2025-06-23T23:09:27.157Z","token":"eyJhbGciOiJIUzI1NiIsInR5cCI6IkpXVCJ9.eyJpZCI6MSwiZW1haWwiOiJ0ZXN0QGV4YW1wbGUuY29tIiwiaWF0IjoxNzUwNzIwMTY3LCJleHAiOjE3NTA3MjM3Njd9.oa-5HgH6K0gX9egD2D5HxmbV8jM7dMHuD5h59vSmhGk","userId":1}
{"budgetId":1,"level":"info","message":"Budget created!","timestamp":"2025-06-23T23:10:13.442Z","userId":1}
{"level":"info","message":"Transaction created","timestamp":"2025-06-23T23:10:44.442Z","transactionId":1,"userId":1}
{"error":"Unexpected token '\"', \"\"\"\" is not valid JSON","level":"error","message":"Unhandled error :","stack":"SyntaxError: Unexpected token '\"', \"\"\"\" is not valid JSON\n    at JSON.parse (<anonymous>)\n    at createStrictSyntaxError (C:\\Users\\Viktorrrr!\\Desktop\\Personal_Finance_Manager\\node_modules\\body-parser\\lib\\types\\json.js:156:10)\n    at parse (C:\\Users\\Viktorrrr!\\Desktop\\Personal_Finance_Manager\\node_modules\\body-parser\\lib\\types\\json.js:71:15)\n    at C:\\Users\\Viktorrrr!\\Desktop\\Personal_Finance_Manager\\node_modules\\body-parser\\lib\\read.js:123:18\n    at AsyncResource.runInAsyncScope (node:async_hooks:211:14)\n    at invokeCallback (C:\\Users\\Viktorrrr!\\Desktop\\Personal_Finance_Manager\\node_modules\\raw-body\\index.js:238:16)\n    at done (C:\\Users\\Viktorrrr!\\Desktop\\Personal_Finance_Manager\\node_modules\\raw-body\\index.js:227:7)\n    at IncomingMessage.onEnd (C:\\Users\\Viktorrrr!\\Desktop\\Personal_Finance_Manager\\node_modules\\raw-body\\index.js:287:7)\n    at IncomingMessage.emit (node:events:518:28)\n    at IncomingMessage.emit (node:domain:489:12)","timestamp":"2025-06-23T23:12:14.231Z"}
{"error":"Validation failed","level":"error","message":"Update budget failed :","timestamp":"2025-06-23T23:17:03.357Z"}
{"error":"Validation failed","level":"error","message":"Unhandled error :","stack":"Error: Validation failed\n    at updateBudget (C:\\Users\\Viktorrrr!\\Desktop\\Personal_Finance_Manager\\src\\Controllers\\budget.controller.ts:195:13)\n    at Layer.handleRequest (C:\\Users\\Viktorrrr!\\Desktop\\Personal_Finance_Manager\\node_modules\\router\\lib\\layer.js:152:17)\n    at next (C:\\Users\\Viktorrrr!\\Desktop\\Personal_Finance_Manager\\node_modules\\router\\lib\\route.js:157:13)\n    at middleware (C:\\Users\\Viktorrrr!\\Desktop\\Personal_Finance_Manager\\node_modules\\express-validator\\lib\\middlewares\\check.js:16:13)\n    at processTicksAndRejections (node:internal/process/task_queues:105:5)","timestamp":"2025-06-23T23:17:03.405Z"}
{"budgetId":1,"level":"info","message":"Budget updated!","timestamp":"2025-06-23T23:17:41.544Z","userId":1}
{"error":"Budget not found","level":"error","message":"Get budget failed :","timestamp":"2025-06-23T23:18:34.358Z"}
{"error":"Budget not found","level":"error","message":"Unhandled error :","stack":"Error: Budget not found\n    at getBudget (C:\\Users\\Viktorrrr!\\Desktop\\Personal_Finance_Manager\\src\\Controllers\\budget.controller.ts:157:13)\n    at processTicksAndRejections (node:internal/process/task_queues:105:5)","timestamp":"2025-06-23T23:18:34.361Z"}
{"level":"info","message":"Budget notifications checked","month":6,"timestamp":"2025-06-23T23:23:18.675Z","year":2025}
{"level":"info","message":"Server is running on http://localhost:7000","timestamp":"2025-06-23T23:26:17.264Z"}
{"level":"info","message":"PostgreSQL connected!","timestamp":"2025-06-23T23:26:17.892Z"}
{"level":"info","message":"Budget notification scheduler started","timestamp":"2025-06-23T23:26:18.918Z"}
{"error":"User not found","level":"error","message":"Authentication error :","timestamp":"2025-06-23T23:26:23.457Z"}
{"error":"User not found","level":"error","message":"Unhandled error :","stack":"Error: User not found\n    at authenticate (C:\\Users\\Viktorrrr!\\Desktop\\Personal_Finance_Manager\\src\\Middlewares\\auth.middleware.ts:53:10)\n    at processTicksAndRejections (node:internal/process/task_queues:105:5)","timestamp":"2025-06-23T23:26:23.555Z"}
{"error":"User not found","level":"error","message":"Authentication error :","timestamp":"2025-06-23T23:26:49.081Z"}
{"error":"User not found","level":"error","message":"Unhandled error :","stack":"Error: User not found\n    at authenticate (C:\\Users\\Viktorrrr!\\Desktop\\Personal_Finance_Manager\\src\\Middlewares\\auth.middleware.ts:53:10)\n    at processTicksAndRejections (node:internal/process/task_queues:105:5)","timestamp":"2025-06-23T23:26:49.095Z"}
{"level":"info","message":"User registered","timestamp":"2025-06-23T23:27:36.608Z","token":"eyJhbGciOiJIUzI1NiIsInR5cCI6IkpXVCJ9.eyJpZCI6MSwiZW1haWwiOiJ0ZXN0QGV4YW1wbGUuY29tIiwiaWF0IjoxNzUwNzIxMjU2LCJleHAiOjE3NTA3MjQ4NTZ9.HfdqYPk5QA-Qx8jNwunab0Pe8S0Kb5K5IcLCLHhYIh0","userId":1}
{"level":"info","message":"User logged in!","timestamp":"2025-06-23T23:27:52.190Z","token":"eyJhbGciOiJIUzI1NiIsInR5cCI6IkpXVCJ9.eyJpZCI6MSwiZW1haWwiOiJ0ZXN0QGV4YW1wbGUuY29tIiwiaWF0IjoxNzUwNzIxMjcyLCJleHAiOjE3NTA3MjQ4NzJ9.Q2NTGe80-ea45H31mhiiqGrrakeOyOhcC1vssO92qbY","userId":1}
{"budgetId":1,"level":"info","message":"Budget created!","timestamp":"2025-06-23T23:28:40.966Z","userId":1}
{"level":"info","message":"Transaction created","timestamp":"2025-06-23T23:29:25.247Z","transactionId":1,"userId":1}
{"error":"Missing credentials for \"PLAIN\"","level":"error","message":"Email sending failed :","timestamp":"2025-06-23T23:30:31.957Z"}
{"error":"Missing credentials for \"PLAIN\"","level":"error","message":"Budget notifications error :","timestamp":"2025-06-23T23:30:31.998Z"}
{"level":"info","message":"Server is running on http://localhost:7000","timestamp":"2025-06-26T20:43:50.920Z"}
{"level":"info","message":"PostgreSQL connected!","timestamp":"2025-06-26T20:43:51.653Z"}
{"error":"relation \"Goal\" does not exist","level":"error","message":"PostgreSQL connection error :","timestamp":"2025-06-26T20:43:53.009Z"}
{"level":"info","message":"Server is running on http://localhost:7000","timestamp":"2025-06-26T21:17:22.881Z"}
{"level":"info","message":"PostgreSQL connected!","timestamp":"2025-06-26T21:17:23.828Z"}
{"error":"relation \"User\" does not exist","level":"error","message":"PostgreSQL connection error :","timestamp":"2025-06-26T21:17:25.511Z"}
{"level":"info","message":"Server is running on http://localhost:7000","timestamp":"2025-06-26T21:19:18.402Z"}
{"level":"info","message":"PostgreSQL connected!","timestamp":"2025-06-26T21:19:19.634Z"}
{"level":"info","message":"Budget notification scheduler started","timestamp":"2025-06-26T21:19:24.377Z"}
{"level":"info","message":"Goals notification scheduler started","timestamp":"2025-06-26T21:19:24.435Z"}
{"level":"info","message":"User registered","timestamp":"2025-06-26T21:19:34.943Z","token":"eyJhbGciOiJIUzI1NiIsInR5cCI6IkpXVCJ9.eyJpZCI6MSwiZW1haWwiOiJ0ZXN0QGV4YW1wbGUuY29tIiwiaWF0IjoxNzUwOTcyNzc0LCJleHAiOjE3NTA5NzYzNzR9.bQpu2SSc1emZvMpvxTuPwhznTvWdr-Y1jiE_fq1TRD4","userId":1}
{"level":"info","message":"User logged in!","timestamp":"2025-06-26T21:19:58.057Z","token":"eyJhbGciOiJIUzI1NiIsInR5cCI6IkpXVCJ9.eyJpZCI6MSwiZW1haWwiOiJ0ZXN0QGV4YW1wbGUuY29tIiwiaWF0IjoxNzUwOTcyNzk4LCJleHAiOjE3NTA5NzYzOTh9.zI5eRoNprGSxtg8LySYGcmtTzI_aLhpsCaKCHm1sh84","userId":1}
{"error":"Validation failed","level":"error","message":"Create goal failed :","timestamp":"2025-06-26T21:24:46.929Z"}
{"error":"Validation failed","level":"error","message":"Unhandled error :","stack":"Error: Validation failed\n    at createGoal (C:\\Users\\Viktorrrr!\\Desktop\\Personal_Finance_Manager\\src\\Controllers\\goal.controller.ts:22:13)\n    at Layer.handleRequest (C:\\Users\\Viktorrrr!\\Desktop\\Personal_Finance_Manager\\node_modules\\router\\lib\\layer.js:152:17)\n    at next (C:\\Users\\Viktorrrr!\\Desktop\\Personal_Finance_Manager\\node_modules\\router\\lib\\route.js:157:13)\n    at middleware (C:\\Users\\Viktorrrr!\\Desktop\\Personal_Finance_Manager\\node_modules\\express-validator\\lib\\middlewares\\check.js:16:13)\n    at processTicksAndRejections (node:internal/process/task_queues:105:5)","timestamp":"2025-06-26T21:24:47.073Z"}
{"level":"info","message":"Server is running on http://localhost:7000","timestamp":"2025-06-27T08:22:52.935Z"}
{"level":"info","message":"PostgreSQL connected!","timestamp":"2025-06-27T08:22:54.009Z"}
{"level":"info","message":"Budget notification scheduler started","timestamp":"2025-06-27T08:22:55.928Z"}
{"level":"info","message":"Goals notification scheduler started","timestamp":"2025-06-27T08:22:55.960Z"}
{"level":"info","message":"User registered","timestamp":"2025-06-27T08:23:22.157Z","token":"eyJhbGciOiJIUzI1NiIsInR5cCI6IkpXVCJ9.eyJpZCI6MSwiZW1haWwiOiJ0ZXN0QGV4YW1wbGUuY29tIiwiaWF0IjoxNzUxMDEyNjAyLCJleHAiOjE3NTEwMTYyMDJ9.Fih7m0hWksR1825KwtI7i9FUiM88SCyJruVKlX0Kwok","userId":1}
{"level":"info","message":"User logged in!","timestamp":"2025-06-27T08:24:05.304Z","token":"eyJhbGciOiJIUzI1NiIsInR5cCI6IkpXVCJ9.eyJpZCI6MSwiZW1haWwiOiJ0ZXN0QGV4YW1wbGUuY29tIiwiaWF0IjoxNzUxMDEyNjQ1LCJleHAiOjE3NTEwMTYyNDV9.D_KAIDzA8G2gAislkBlA3xDAGJ82ba-zn3DNdH8J5vs","userId":1}
{"level":"info","message":"Server is running on http://localhost:7000","timestamp":"2025-06-27T18:19:21.552Z"}
{"level":"info","message":"PostgreSQL connected!","timestamp":"2025-06-27T18:19:22.511Z"}
{"level":"info","message":"Budget notification scheduler started","timestamp":"2025-06-27T18:19:25.159Z"}
{"level":"info","message":"Goals notification scheduler started","timestamp":"2025-06-27T18:19:25.277Z"}
{"level":"info","message":"User registered","timestamp":"2025-06-27T18:19:28.902Z","token":"eyJhbGciOiJIUzI1NiIsInR5cCI6IkpXVCJ9.eyJpZCI6MSwiZW1haWwiOiJ0ZXN0QGV4YW1wbGUuY29tIiwiaWF0IjoxNzUxMDQ4MzY4LCJleHAiOjE3NTEwNTE5Njh9.BfMeI5LQXPaBL5FptN-TKFzu4925mXhiBk6tlNGbpWg","userId":1}
{"level":"info","message":"User logged in!","timestamp":"2025-06-27T18:19:55.972Z","token":"eyJhbGciOiJIUzI1NiIsInR5cCI6IkpXVCJ9.eyJpZCI6MSwiZW1haWwiOiJ0ZXN0QGV4YW1wbGUuY29tIiwiaWF0IjoxNzUxMDQ4Mzk1LCJleHAiOjE3NTEwNTE5OTV9.18PrFHckX0nQoiasoawgEqx0tpyfS-X9-r5opkCIoEs","userId":1}
{"error":"notNull Violation: Goal.currentAmount cannot be null","level":"error","message":"Create goal failed :","timestamp":"2025-06-27T18:21:28.752Z"}
{"error":"notNull Violation: Goal.currentAmount cannot be null","level":"error","message":"Unhandled error :","stack":"SequelizeValidationError: notNull Violation: Goal.currentAmount cannot be null\n    at InstanceValidator._validate (C:\\Users\\Viktorrrr!\\Desktop\\Personal_Finance_Manager\\node_modules\\sequelize\\src\\instance-validator.js:78:13)\n    at processTicksAndRejections (node:internal/process/task_queues:105:5)\n    at async InstanceValidator._validateAndRunHooks (C:\\Users\\Viktorrrr!\\Desktop\\Personal_Finance_Manager\\node_modules\\sequelize\\src\\instance-validator.js:111:7)\n    at async InstanceValidator.validate (C:\\Users\\Viktorrrr!\\Desktop\\Personal_Finance_Manager\\node_modules\\sequelize\\src\\instance-validator.js:93:12)\n    at async Goal.save (C:\\Users\\Viktorrrr!\\Desktop\\Personal_Finance_Manager\\node_modules\\sequelize\\src\\model.js:4077:7)\n    at async Function.create (C:\\Users\\Viktorrrr!\\Desktop\\Personal_Finance_Manager\\node_modules\\sequelize\\src\\model.js:2305:12)\n    at async createGoal (C:\\Users\\Viktorrrr!\\Desktop\\Personal_Finance_Manager\\src\\Controllers\\goal.controller.ts:28:18)","timestamp":"2025-06-27T18:21:28.914Z"}
{"error":"notNull Violation: Goal.currentAmount cannot be null","level":"error","message":"Create goal failed :","timestamp":"2025-06-27T18:22:17.646Z"}
{"error":"notNull Violation: Goal.currentAmount cannot be null","level":"error","message":"Unhandled error :","stack":"SequelizeValidationError: notNull Violation: Goal.currentAmount cannot be null\n    at InstanceValidator._validate (C:\\Users\\Viktorrrr!\\Desktop\\Personal_Finance_Manager\\node_modules\\sequelize\\src\\instance-validator.js:78:13)\n    at processTicksAndRejections (node:internal/process/task_queues:105:5)\n    at async InstanceValidator._validateAndRunHooks (C:\\Users\\Viktorrrr!\\Desktop\\Personal_Finance_Manager\\node_modules\\sequelize\\src\\instance-validator.js:111:7)\n    at async InstanceValidator.validate (C:\\Users\\Viktorrrr!\\Desktop\\Personal_Finance_Manager\\node_modules\\sequelize\\src\\instance-validator.js:93:12)\n    at async Goal.save (C:\\Users\\Viktorrrr!\\Desktop\\Personal_Finance_Manager\\node_modules\\sequelize\\src\\model.js:4077:7)\n    at async Function.create (C:\\Users\\Viktorrrr!\\Desktop\\Personal_Finance_Manager\\node_modules\\sequelize\\src\\model.js:2305:12)\n    at async createGoal (C:\\Users\\Viktorrrr!\\Desktop\\Personal_Finance_Manager\\src\\Controllers\\goal.controller.ts:28:18)","timestamp":"2025-06-27T18:22:17.659Z"}
{"level":"info","message":"Server is running on http://localhost:7000","timestamp":"2025-06-27T18:27:50.177Z"}
{"level":"info","message":"PostgreSQL connected!","timestamp":"2025-06-27T18:27:50.827Z"}
{"level":"info","message":"Budget notification scheduler started","timestamp":"2025-06-27T18:27:52.176Z"}
{"level":"info","message":"Goals notification scheduler started","timestamp":"2025-06-27T18:27:52.211Z"}
{"level":"info","message":"User registered","timestamp":"2025-06-27T18:29:27.391Z","token":"eyJhbGciOiJIUzI1NiIsInR5cCI6IkpXVCJ9.eyJpZCI6MSwiZW1haWwiOiJ0ZXN0QGV4YW1wbGUuY29tIiwiaWF0IjoxNzUxMDQ4OTY3LCJleHAiOjE3NTEwNTI1Njd9.BSdHhMlC1_2bbNbHaZ92qyi-DAO7P2gC9D3TMUdq9Ck","userId":1}
{"level":"info","message":"User logged in!","timestamp":"2025-06-27T18:29:45.522Z","token":"eyJhbGciOiJIUzI1NiIsInR5cCI6IkpXVCJ9.eyJpZCI6MSwiZW1haWwiOiJ0ZXN0QGV4YW1wbGUuY29tIiwiaWF0IjoxNzUxMDQ4OTg1LCJleHAiOjE3NTEwNTI1ODV9.GbnoVEqJ0VmlbgMoTpAq-4vQ4NegdX_teLrldVGrvHs","userId":1}
{"error":"Validation failed","level":"error","message":"Create goal failed :","timestamp":"2025-06-27T18:33:11.642Z"}
{"error":"Validation failed","level":"error","message":"Unhandled error :","stack":"Error: Validation failed\n    at createGoal (C:\\Users\\Viktorrrr!\\Desktop\\Personal_Finance_Manager\\src\\Controllers\\goal.controller.ts:22:13)\n    at Layer.handleRequest (C:\\Users\\Viktorrrr!\\Desktop\\Personal_Finance_Manager\\node_modules\\router\\lib\\layer.js:152:17)\n    at next (C:\\Users\\Viktorrrr!\\Desktop\\Personal_Finance_Manager\\node_modules\\router\\lib\\route.js:157:13)\n    at middleware (C:\\Users\\Viktorrrr!\\Desktop\\Personal_Finance_Manager\\node_modules\\express-validator\\lib\\middlewares\\check.js:16:13)\n    at processTicksAndRejections (node:internal/process/task_queues:105:5)","timestamp":"2025-06-27T18:33:11.694Z"}
{"goalId":1,"level":"info","message":"Goal created!","timestamp":"2025-06-27T18:33:35.269Z","userId":1}
{"level":"info","message":"Server is running on http://localhost:7000","timestamp":"2025-06-27T20:39:31.552Z"}
{"level":"info","message":"PostgreSQL connected!","timestamp":"2025-06-27T20:39:32.175Z"}
{"level":"info","message":"Budget notification scheduler started","timestamp":"2025-06-27T20:39:32.691Z"}
{"level":"info","message":"Goals notification scheduler started","timestamp":"2025-06-27T20:39:32.713Z"}
{"error":"Email already registered","level":"error","message":"Registeration error :","timestamp":"2025-06-27T20:39:36.906Z"}
{"error":"Email already registered","level":"error","message":"Unhandled error :","stack":"Error: Email already registered\n    at Register (C:\\Users\\Viktorrrr!\\Desktop\\Personal_Finance_Manager\\src\\Controllers\\auth.controller.ts:31:13)\n    at processTicksAndRejections (node:internal/process/task_queues:105:5)","timestamp":"2025-06-27T20:39:36.958Z"}
{"level":"info","message":"User logged in!","timestamp":"2025-06-27T20:40:03.822Z","token":"eyJhbGciOiJIUzI1NiIsInR5cCI6IkpXVCJ9.eyJpZCI6MSwiZW1haWwiOiJ0ZXN0QGV4YW1wbGUuY29tIiwiaWF0IjoxNzUxMDU2ODAzLCJleHAiOjE3NTEwNjA0MDN9.MEguE4IM4xr_BJ_ucdWdDKu_zICTaWFOtwRzdT2lI1A","userId":1}
{"error":"Validation failed","level":"error","message":"Create goal failed :","timestamp":"2025-06-27T20:41:18.007Z"}
{"error":"Validation failed","level":"error","message":"Unhandled error :","stack":"Error: Validation failed\n    at createGoal (C:\\Users\\Viktorrrr!\\Desktop\\Personal_Finance_Manager\\src\\Controllers\\goal.controller.ts:22:13)\n    at Layer.handleRequest (C:\\Users\\Viktorrrr!\\Desktop\\Personal_Finance_Manager\\node_modules\\router\\lib\\layer.js:152:17)\n    at next (C:\\Users\\Viktorrrr!\\Desktop\\Personal_Finance_Manager\\node_modules\\router\\lib\\route.js:157:13)\n    at middleware (C:\\Users\\Viktorrrr!\\Desktop\\Personal_Finance_Manager\\node_modules\\express-validator\\lib\\middlewares\\check.js:16:13)\n    at processTicksAndRejections (node:internal/process/task_queues:105:5)","timestamp":"2025-06-27T20:41:18.063Z"}
{"goalId":2,"level":"info","message":"Goal created!","timestamp":"2025-06-27T20:41:42.767Z","userId":1}
{"level":"info","message":"Transaction created","timestamp":"2025-06-27T20:44:49.600Z","transactionId":1,"userId":1}
{"error":"Transaction is associated to Goal using an alias. You've included an alias (transaction), but it does not match the alias(es) defined in your association (transactions).","level":"error","message":"Get goal failed :","timestamp":"2025-06-27T20:48:12.462Z"}
{"error":"Transaction is associated to Goal using an alias. You've included an alias (transaction), but it does not match the alias(es) defined in your association (transactions).","level":"error","message":"Unhandled error :","stack":"SequelizeEagerLoadingError: Transaction is associated to Goal using an alias. You've included an alias (transaction), but it does not match the alias(es) defined in your association (transactions).\n    at Function._getIncludedAssociation (C:\\Users\\Viktorrrr!\\Desktop\\Personal_Finance_Manager\\node_modules\\sequelize\\src\\model.js:751:15)\n    at Function._validateIncludedElement (C:\\Users\\Viktorrrr!\\Desktop\\Personal_Finance_Manager\\node_modules\\sequelize\\src\\model.js:646:53)\n    at C:\\Users\\Viktorrrr!\\Desktop\\Personal_Finance_Manager\\node_modules\\sequelize\\src\\model.js:542:37\n    at Array.map (<anonymous>)\n    at Function._validateIncludedElements (C:\\Users\\Viktorrrr!\\Desktop\\Personal_Finance_Manager\\node_modules\\sequelize\\src\\model.js:537:39)\n    at Function.findAll (C:\\Users\\Viktorrrr!\\Desktop\\Personal_Finance_Manager\\node_modules\\sequelize\\src\\model.js:1794:12)\n    at processTicksAndRejections (node:internal/process/task_queues:105:5)\n    at async Function.findOne (C:\\Users\\Viktorrrr!\\Desktop\\Personal_Finance_Manager\\node_modules\\sequelize\\src\\model.js:1998:12)\n    at async getGoal (C:\\Users\\Viktorrrr!\\Desktop\\Personal_Finance_Manager\\src\\Controllers\\goal.controller.ts:111:18)","timestamp":"2025-06-27T20:48:12.551Z"}
{"error":"Transaction is associated to Goal using an alias. You've included an alias (transaction), but it does not match the alias(es) defined in your association (transactions).","level":"error","message":"Get goal failed :","timestamp":"2025-06-27T20:49:18.288Z"}
{"error":"Transaction is associated to Goal using an alias. You've included an alias (transaction), but it does not match the alias(es) defined in your association (transactions).","level":"error","message":"Unhandled error :","stack":"SequelizeEagerLoadingError: Transaction is associated to Goal using an alias. You've included an alias (transaction), but it does not match the alias(es) defined in your association (transactions).\n    at Function._getIncludedAssociation (C:\\Users\\Viktorrrr!\\Desktop\\Personal_Finance_Manager\\node_modules\\sequelize\\src\\model.js:751:15)\n    at Function._validateIncludedElement (C:\\Users\\Viktorrrr!\\Desktop\\Personal_Finance_Manager\\node_modules\\sequelize\\src\\model.js:646:53)\n    at C:\\Users\\Viktorrrr!\\Desktop\\Personal_Finance_Manager\\node_modules\\sequelize\\src\\model.js:542:37\n    at Array.map (<anonymous>)\n    at Function._validateIncludedElements (C:\\Users\\Viktorrrr!\\Desktop\\Personal_Finance_Manager\\node_modules\\sequelize\\src\\model.js:537:39)\n    at Function.findAll (C:\\Users\\Viktorrrr!\\Desktop\\Personal_Finance_Manager\\node_modules\\sequelize\\src\\model.js:1794:12)\n    at processTicksAndRejections (node:internal/process/task_queues:105:5)\n    at async Function.findOne (C:\\Users\\Viktorrrr!\\Desktop\\Personal_Finance_Manager\\node_modules\\sequelize\\src\\model.js:1998:12)\n    at async getGoal (C:\\Users\\Viktorrrr!\\Desktop\\Personal_Finance_Manager\\src\\Controllers\\goal.controller.ts:111:18)","timestamp":"2025-06-27T20:49:18.298Z"}
{"level":"info","message":"Server is running on http://localhost:7000","timestamp":"2025-06-27T20:55:31.074Z"}
{"level":"info","message":"PostgreSQL connected!","timestamp":"2025-06-27T20:55:31.723Z"}
{"level":"info","message":"Budget notification scheduler started","timestamp":"2025-06-27T20:55:32.220Z"}
{"level":"info","message":"Goals notification scheduler started","timestamp":"2025-06-27T20:55:32.240Z"}
{"error":"Unexpected token '\"', \"\"\\r\\n{\\r\\n\"... is not valid JSON","level":"error","message":"Unhandled error :","stack":"SyntaxError: Unexpected token '\"', \"\"\\r\\n{\\r\\n\"... is not valid JSON\n    at JSON.parse (<anonymous>)\n    at createStrictSyntaxError (C:\\Users\\Viktorrrr!\\Desktop\\Personal_Finance_Manager\\node_modules\\body-parser\\lib\\types\\json.js:156:10)\n    at parse (C:\\Users\\Viktorrrr!\\Desktop\\Personal_Finance_Manager\\node_modules\\body-parser\\lib\\types\\json.js:71:15)\n    at C:\\Users\\Viktorrrr!\\Desktop\\Personal_Finance_Manager\\node_modules\\body-parser\\lib\\read.js:123:18\n    at AsyncResource.runInAsyncScope (node:async_hooks:211:14)\n    at invokeCallback (C:\\Users\\Viktorrrr!\\Desktop\\Personal_Finance_Manager\\node_modules\\raw-body\\index.js:238:16)\n    at done (C:\\Users\\Viktorrrr!\\Desktop\\Personal_Finance_Manager\\node_modules\\raw-body\\index.js:227:7)\n    at IncomingMessage.onEnd (C:\\Users\\Viktorrrr!\\Desktop\\Personal_Finance_Manager\\node_modules\\raw-body\\index.js:287:7)\n    at IncomingMessage.emit (node:events:518:28)\n    at IncomingMessage.emit (node:domain:489:12)","timestamp":"2025-06-27T20:59:18.715Z"}
{"error":"status is not defined","level":"error","message":"Update goal failed :","timestamp":"2025-06-27T20:59:49.320Z"}
{"error":"status is not defined","level":"error","message":"Unhandled error :","stack":"ReferenceError: status is not defined\n    at updateGoal (C:\\Users\\Viktorrrr!\\Desktop\\Personal_Finance_Manager\\src\\Controllers\\goal.controller.ts:181:15)\n    at processTicksAndRejections (node:internal/process/task_queues:105:5)","timestamp":"2025-06-27T20:59:49.349Z"}
{"error":"status is not defined","level":"error","message":"Update goal failed :","timestamp":"2025-06-27T21:01:31.628Z"}
{"error":"status is not defined","level":"error","message":"Unhandled error :","stack":"ReferenceError: status is not defined\n    at updateGoal (C:\\Users\\Viktorrrr!\\Desktop\\Personal_Finance_Manager\\src\\Controllers\\goal.controller.ts:181:15)\n    at processTicksAndRejections (node:internal/process/task_queues:105:5)","timestamp":"2025-06-27T21:01:31.637Z"}
{"level":"info","message":"Server is running on http://localhost:7000","timestamp":"2025-06-27T21:05:44.276Z"}
{"level":"info","message":"PostgreSQL connected!","timestamp":"2025-06-27T21:05:44.908Z"}
{"level":"info","message":"Budget notification scheduler started","timestamp":"2025-06-27T21:05:45.367Z"}
{"level":"info","message":"Goals notification scheduler started","timestamp":"2025-06-27T21:05:45.393Z"}
{"level":"info","message":"Server is running on http://localhost:7000","timestamp":"2025-06-27T21:08:54.620Z"}
{"level":"info","message":"PostgreSQL connected!","timestamp":"2025-06-27T21:08:55.362Z"}
{"level":"info","message":"Budget notification scheduler started","timestamp":"2025-06-27T21:08:56.024Z"}
{"level":"info","message":"Goals notification scheduler started","timestamp":"2025-06-27T21:08:56.075Z"}
{"error":"insert or update on table \"Transactions\" violates foreign key constraint \"Transactions_goalId_fkey\"","level":"error","message":"Failed to create transaction :","timestamp":"2025-06-27T21:11:19.239Z"}
{"error":"insert or update on table \"Transactions\" violates foreign key constraint \"Transactions_goalId_fkey\"","level":"error","message":"Unhandled error :","stack":"Error\n    at Query.run (C:\\Users\\Viktorrrr!\\Desktop\\Personal_Finance_Manager\\node_modules\\sequelize\\src\\dialects\\postgres\\query.js:76:25)\n    at C:\\Users\\Viktorrrr!\\Desktop\\Personal_Finance_Manager\\node_modules\\sequelize\\src\\sequelize.js:650:28\n    at processTicksAndRejections (node:internal/process/task_queues:105:5)\n    at async PostgresQueryInterface.insert (C:\\Users\\Viktorrrr!\\Desktop\\Personal_Finance_Manager\\node_modules\\sequelize\\src\\dialects\\abstract\\query-interface.js:795:21)\n    at async Transaction.save (C:\\Users\\Viktorrrr!\\Desktop\\Personal_Finance_Manager\\node_modules\\sequelize\\src\\model.js:4154:35)\n    at async Function.create (C:\\Users\\Viktorrrr!\\Desktop\\Personal_Finance_Manager\\node_modules\\sequelize\\src\\model.js:2305:12)\n    at async createTransaction (C:\\Users\\Viktorrrr!\\Desktop\\Personal_Finance_Manager\\src\\Controllers\\transaction.controller.ts:53:25)","timestamp":"2025-06-27T21:11:19.256Z"}
{"error":"Unexpected token '\"', \"\"{\\r\\n   \\\"... is not valid JSON","level":"error","message":"Unhandled error :","stack":"SyntaxError: Unexpected token '\"', \"\"{\\r\\n   \\\"... is not valid JSON\n    at JSON.parse (<anonymous>)\n    at createStrictSyntaxError (C:\\Users\\Viktorrrr!\\Desktop\\Personal_Finance_Manager\\node_modules\\body-parser\\lib\\types\\json.js:156:10)\n    at parse (C:\\Users\\Viktorrrr!\\Desktop\\Personal_Finance_Manager\\node_modules\\body-parser\\lib\\types\\json.js:71:15)\n    at C:\\Users\\Viktorrrr!\\Desktop\\Personal_Finance_Manager\\node_modules\\body-parser\\lib\\read.js:123:18\n    at AsyncResource.runInAsyncScope (node:async_hooks:211:14)\n    at invokeCallback (C:\\Users\\Viktorrrr!\\Desktop\\Personal_Finance_Manager\\node_modules\\raw-body\\index.js:238:16)\n    at done (C:\\Users\\Viktorrrr!\\Desktop\\Personal_Finance_Manager\\node_modules\\raw-body\\index.js:227:7)\n    at IncomingMessage.onEnd (C:\\Users\\Viktorrrr!\\Desktop\\Personal_Finance_Manager\\node_modules\\raw-body\\index.js:287:7)\n    at IncomingMessage.emit (node:events:518:28)\n    at IncomingMessage.emit (node:domain:489:12)","timestamp":"2025-06-27T21:15:30.492Z"}
{"level":"info","message":"User registered","timestamp":"2025-06-27T21:17:11.162Z","token":"eyJhbGciOiJIUzI1NiIsInR5cCI6IkpXVCJ9.eyJpZCI6MiwiZW1haWwiOiJrYWx1dmljdG9yMjAwQGdtYWlsLmNvbSIsImlhdCI6MTc1MTA1OTAzMSwiZXhwIjoxNzUxMDYyNjMxfQ.U3sObdmspF11Ok9BBoOAlQ0LQ9Zq4s-f6H7Eb3PvYdU","userId":2}
{"level":"info","message":"User logged in!","timestamp":"2025-06-27T21:17:47.547Z","token":"eyJhbGciOiJIUzI1NiIsInR5cCI6IkpXVCJ9.eyJpZCI6MiwiZW1haWwiOiJrYWx1dmljdG9yMjAwQGdtYWlsLmNvbSIsImlhdCI6MTc1MTA1OTA2NywiZXhwIjoxNzUxMDYyNjY3fQ.ysQDk731FbNNxM4tPprDoaCcUOLS6D-nbu6b-MJyJKA","userId":2}
{"goalId":3,"level":"info","message":"Goal created!","timestamp":"2025-06-27T21:20:01.091Z","userId":2}
{"level":"info","message":"Transaction created","timestamp":"2025-06-27T21:21:50.384Z","transactionId":3,"userId":2}
{"level":"info","message":"Budget notifications checked","month":6,"timestamp":"2025-06-27T21:23:27.744Z","year":2025}
{"level":"info","message":"Budget notifications checked","month":6,"timestamp":"2025-06-27T21:55:15.084Z","year":2025}
{"level":"info","message":"Goal notifications checked","timestamp":"2025-06-27T21:55:15.178Z","totalGoals":1}
{"level":"info","message":"Server is running on http://localhost:7000","timestamp":"2025-06-28T00:02:20.693Z"}
{"level":"info","message":"PostgreSQL connected!","timestamp":"2025-06-28T00:02:22.292Z"}
{"level":"info","message":"Budget notification scheduler started","timestamp":"2025-06-28T00:02:24.243Z"}
{"level":"info","message":"Goals notification scheduler started","timestamp":"2025-06-28T00:02:24.282Z"}
{"level":"info","message":"Server is running on http://localhost:7000","timestamp":"2025-06-28T00:11:43.346Z"}
{"level":"info","message":"PostgreSQL connected!","timestamp":"2025-06-28T00:11:44.027Z"}
{"level":"info","message":"Budget notification scheduler started","timestamp":"2025-06-28T00:11:44.580Z"}
{"level":"info","message":"Goals notification scheduler started","timestamp":"2025-06-28T00:11:44.606Z"}
{"level":"info","message":"Server is running on http://localhost:7000","timestamp":"2025-06-29T08:57:30.739Z"}
{"level":"info","message":"PostgreSQL connected!","timestamp":"2025-06-29T08:57:31.323Z"}
{"level":"info","message":"Budget notification scheduler started","timestamp":"2025-06-29T08:57:32.011Z"}
{"level":"info","message":"Goals notification scheduler started","timestamp":"2025-06-29T08:57:32.048Z"}
{"level":"info","message":"User registered","timestamp":"2025-06-29T08:59:28.050Z","token":"eyJhbGciOiJIUzI1NiIsInR5cCI6IkpXVCJ9.eyJpZCI6MywiZW1haWwiOiJwcmltZWtlbjM0QGdtYWlsLmNvbSIsImlhdCI6MTc1MTE4NzU2OCwiZXhwIjoxNzUxMTkxMTY4fQ.mD7cGeoPcA4Xb3dxpQfxyuNSDeU0iejz3czb03jXvPQ","userId":3}
{"level":"info","message":"User logged in!","timestamp":"2025-06-29T08:59:46.834Z","token":"eyJhbGciOiJIUzI1NiIsInR5cCI6IkpXVCJ9.eyJpZCI6MywiZW1haWwiOiJwcmltZWtlbjM0QGdtYWlsLmNvbSIsImlhdCI6MTc1MTE4NzU4NiwiZXhwIjoxNzUxMTkxMTg2fQ.zJzLnm0r2LeMlQoqezUVe9DTNBXxSzbhkx3at-jlPww","userId":3}
{"level":"info","message":"Transaction created","timestamp":"2025-06-29T09:03:49.585Z","transactionId":4,"userId":3}
{"level":"info","message":"Transaction created","timestamp":"2025-06-29T09:05:58.418Z","transactionId":5,"userId":3}
{"level":"info","message":"Server is running on http://localhost:7000","timestamp":"2025-06-30T11:24:44.320Z"}
{"level":"info","message":"PostgreSQL connected!","timestamp":"2025-06-30T11:24:47.529Z"}
{"level":"info","message":"Budget notification scheduler started","timestamp":"2025-06-30T11:24:49.350Z"}
{"level":"info","message":"Goals notification scheduler started","timestamp":"2025-06-30T11:24:49.375Z"}
{"level":"info","message":"User registered","timestamp":"2025-06-30T11:25:45.329Z","token":"eyJhbGciOiJIUzI1NiIsInR5cCI6IkpXVCJ9.eyJpZCI6NCwiZW1haWwiOiJzb2NoeTEwMUBnbWFpbC5jb20iLCJpYXQiOjE3NTEyODI3NDUsImV4cCI6MTc1MTI4NjM0NX0.TONcmDLikE0Mk3XN21TF88WTIyYJ8uZKXE3g-gzzuHQ","userId":4}
{"level":"info","message":"User logged in!","timestamp":"2025-06-30T11:26:30.545Z","token":"eyJhbGciOiJIUzI1NiIsInR5cCI6IkpXVCJ9.eyJpZCI6NCwiZW1haWwiOiJzb2NoeTEwMUBnbWFpbC5jb20iLCJpYXQiOjE3NTEyODI3OTAsImV4cCI6MTc1MTI4NjM5MH0.xUfDOUgUE7EbacyYZB7msXvT-4pdZxwxXAvOyzV8hK4","userId":4}
{"level":"info","message":"Subscription created!","paymentIntentId":"pi_3RfpEJFS2WeSDdm816vtjRMw","plan":"premium","timestamp":"2025-06-30T11:27:54.952Z","userId":4}
{"error":"Validation failed","level":"error","message":"Update subcription error :","timestamp":"2025-06-30T11:32:07.279Z"}
{"error":"Validation failed","level":"error","message":"Unhandled error :","stack":"Error: Validation failed\n    at updateSubscription (C:\\Users\\Viktorrrr!\\Desktop\\Personal_Finance_Manager\\src\\Controllers\\subscription.controller.ts:153:13)\n    at Layer.handleRequest (C:\\Users\\Viktorrrr!\\Desktop\\Personal_Finance_Manager\\node_modules\\router\\lib\\layer.js:152:17)\n    at next (C:\\Users\\Viktorrrr!\\Desktop\\Personal_Finance_Manager\\node_modules\\router\\lib\\route.js:157:13)\n    at middleware (C:\\Users\\Viktorrrr!\\Desktop\\Personal_Finance_Manager\\node_modules\\express-validator\\lib\\middlewares\\check.js:16:13)\n    at processTicksAndRejections (node:internal/process/task_queues:105:5)","timestamp":"2025-06-30T11:32:07.530Z"}
{"level":"info","message":"Server is running on http://localhost:7000","timestamp":"2025-06-30T11:34:47.163Z"}
{"level":"info","message":"PostgreSQL connected!","timestamp":"2025-06-30T11:34:47.801Z"}
{"level":"info","message":"Budget notification scheduler started","timestamp":"2025-06-30T11:34:48.427Z"}
{"level":"info","message":"Goals notification scheduler started","timestamp":"2025-06-30T11:34:48.466Z"}
{"error":"Validation failed","level":"error","message":"Update subcription error :","timestamp":"2025-06-30T11:34:59.995Z"}
{"error":"Validation failed","level":"error","message":"Unhandled error :","stack":"Error: Validation failed\n    at updateSubscription (C:\\Users\\Viktorrrr!\\Desktop\\Personal_Finance_Manager\\src\\Controllers\\subscription.controller.ts:153:13)\n    at Layer.handleRequest (C:\\Users\\Viktorrrr!\\Desktop\\Personal_Finance_Manager\\node_modules\\router\\lib\\layer.js:152:17)\n    at next (C:\\Users\\Viktorrrr!\\Desktop\\Personal_Finance_Manager\\node_modules\\router\\lib\\route.js:157:13)\n    at middleware (C:\\Users\\Viktorrrr!\\Desktop\\Personal_Finance_Manager\\node_modules\\express-validator\\lib\\middlewares\\check.js:16:13)\n    at processTicksAndRejections (node:internal/process/task_queues:105:5)","timestamp":"2025-06-30T11:35:00.095Z"}
{"level":"info","message":"Sentry initialized","timestamp":"2025-07-03T13:34:59.975Z"}
{"level":"info","message":" Server is running on http://localhost:7000","timestamp":"2025-07-03T13:35:00.146Z"}
{"level":"info","message":" PostgreSQL connected!","timestamp":"2025-07-03T13:35:01.931Z"}
{"level":"info","message":"Budget notification scheduler started","timestamp":"2025-07-03T13:35:06.965Z"}
{"level":"info","message":"Goals notification scheduler started","timestamp":"2025-07-03T13:35:07.215Z"}
{"level":"info","message":" SIGINT received. Shutting down...","timestamp":"2025-07-04T02:55:58.469Z"}
{"level":"info","message":"Sentry initialized","timestamp":"2025-07-04T02:58:27.537Z"}
{"level":"info","message":" Server is running on http://localhost:7000","timestamp":"2025-07-04T02:58:27.699Z"}
{"level":"info","message":" PostgreSQL connected!","timestamp":"2025-07-04T02:58:32.613Z"}
{"level":"info","message":"Budget notification scheduler started","timestamp":"2025-07-04T02:58:33.980Z"}
{"level":"info","message":"Goals notification scheduler started","timestamp":"2025-07-04T02:58:34.034Z"}
{"error":"Unexpected token '\"', \"\"{\\r\\n    \"... is not valid JSON","level":"error","message":"Unhandled error:","stack":"SyntaxError: Unexpected token '\"', \"\"{\\r\\n    \"... is not valid JSON\n    at JSON.parse (<anonymous>)\n    at createStrictSyntaxError (C:\\Users\\Viktorrrr!\\Desktop\\Personal_Finance_Manager\\node_modules\\body-parser\\lib\\types\\json.js:156:10)\n    at parse (C:\\Users\\Viktorrrr!\\Desktop\\Personal_Finance_Manager\\node_modules\\body-parser\\lib\\types\\json.js:71:15)\n    at C:\\Users\\Viktorrrr!\\Desktop\\Personal_Finance_Manager\\node_modules\\body-parser\\lib\\read.js:123:18\n    at AsyncResource.runInAsyncScope (node:async_hooks:211:14)\n    at invokeCallback (C:\\Users\\Viktorrrr!\\Desktop\\Personal_Finance_Manager\\node_modules\\raw-body\\index.js:238:16)\n    at done (C:\\Users\\Viktorrrr!\\Desktop\\Personal_Finance_Manager\\node_modules\\raw-body\\index.js:227:7)\n    at IncomingMessage.onEnd (C:\\Users\\Viktorrrr!\\Desktop\\Personal_Finance_Manager\\node_modules\\raw-body\\index.js:287:7)\n    at IncomingMessage.emit (node:events:518:28)\n    at IncomingMessage.emit (node:domain:489:12)","timestamp":"2025-07-04T03:15:55.300Z"}
{"level":"info","message":" SIGINT received. Shutting down...","timestamp":"2025-07-04T03:16:59.567Z"}
{"level":"info","message":"Sentry initialized","timestamp":"2025-07-04T03:18:26.761Z"}
{"level":"info","message":" Server is running on http://localhost:7000","timestamp":"2025-07-04T03:18:26.808Z"}
{"level":"info","message":" PostgreSQL connected!","timestamp":"2025-07-04T03:18:28.061Z"}
{"level":"info","message":"Budget notification scheduler started","timestamp":"2025-07-04T03:18:28.744Z"}
{"level":"info","message":"Goals notification scheduler started","timestamp":"2025-07-04T03:18:28.791Z"}
{"level":"info","message":" SIGINT received. Shutting down...","timestamp":"2025-07-04T03:39:19.044Z"}
{"level":"info","message":"Sentry initialized","timestamp":"2025-07-04T03:42:16.638Z"}
{"level":"info","message":" Server is running on http://localhost:7000","timestamp":"2025-07-04T03:42:16.761Z"}
{"level":"info","message":" PostgreSQL connected!","timestamp":"2025-07-04T03:42:17.921Z"}
{"level":"info","message":"Budget notification scheduler started","timestamp":"2025-07-04T03:42:18.391Z"}
{"level":"info","message":"Goals notification scheduler started","timestamp":"2025-07-04T03:42:18.482Z"}
{"level":"info","message":" SIGINT received. Shutting down...","timestamp":"2025-07-04T03:49:56.808Z"}
{"level":"info","message":"Sentry initialized","timestamp":"2025-07-04T03:50:52.208Z"}
{"level":"info","message":"Sentry initialized","timestamp":"2025-07-04T04:01:12.397Z"}
{"level":"info","message":"Sentry initialized","timestamp":"2025-07-04T04:17:18.992Z"}
{"level":"info","message":"Sentry initialized","timestamp":"2025-07-04T04:18:48.321Z"}
{"level":"info","message":"Sentry initialized","timestamp":"2025-07-04T04:19:59.022Z"}
{"level":"info","message":"Sentry initialized","timestamp":"2025-07-04T04:20:48.948Z"}
{"level":"info","message":"Sentry initialized","timestamp":"2025-07-04T04:22:00.310Z"}
{"level":"info","message":"Sentry initialized","timestamp":"2025-07-04T04:23:19.054Z"}
{"level":"info","message":"Sentry initialized","timestamp":"2025-07-04T04:24:31.855Z"}
{"level":"info","message":"Sentry initialized","timestamp":"2025-07-04T09:41:47.604Z"}
{"level":"info","message":"Sentry initialized","timestamp":"2025-07-04T09:42:30.995Z"}
{"level":"info","message":"Sentry initialized","timestamp":"2025-07-04T09:43:11.776Z"}
{"level":"info","message":"Sentry initialized","timestamp":"2025-07-04T09:44:03.981Z"}
{"level":"info","message":"Sentry initialized","timestamp":"2025-07-04T09:47:49.757Z"}
{"level":"info","message":"Sentry initialized","timestamp":"2025-07-04T11:06:32.636Z"}
{"level":"info","message":"Sentry initialized","timestamp":"2025-07-04T11:13:01.437Z"}
{"level":"info","message":"Sentry initialized","timestamp":"2025-07-04T11:13:39.210Z"}
{"level":"info","message":"Sentry initialized","timestamp":"2025-07-04T22:36:25.714Z"}
{"level":"info","message":"Sentry initialized","timestamp":"2025-07-04T22:36:57.861Z"}
{"level":"info","message":"Server is running on http://localhost:7000","timestamp":"2025-07-04T23:00:28.937Z"}
{"level":"info","message":"PostgreSQL connected!","timestamp":"2025-07-04T23:00:29.809Z"}
{"level":"info","message":"Server is running on http://localhost:7000","timestamp":"2025-07-04T23:01:43.651Z"}
{"level":"info","message":"PostgreSQL connected!","timestamp":"2025-07-04T23:01:44.341Z"}
{"level":"info","message":"User registered","timestamp":"2025-07-04T23:04:45.365Z","userId":1}
{"level":"info","message":"Server is running on http://localhost:7000","timestamp":"2025-07-04T23:24:37.567Z"}
{"level":"info","message":"PostgreSQL connected!","timestamp":"2025-07-04T23:24:38.340Z"}
{"level":"info","message":"Server is running on http://localhost:7000","timestamp":"2025-07-05T00:25:08.903Z"}
{"level":"info","message":"PostgreSQL connected!","timestamp":"2025-07-05T00:25:09.595Z"}
{"level":"info","message":"Server is running on http://localhost:7000","timestamp":"2025-07-05T00:26:09.019Z"}
{"level":"info","message":"PostgreSQL connected!","timestamp":"2025-07-05T00:26:09.842Z"}
{"level":"info","message":"Server is running on http://localhost:9000","timestamp":"2025-07-05T00:27:17.876Z"}
{"level":"info","message":"PostgreSQL connected!","timestamp":"2025-07-05T00:27:18.625Z"}
{"level":"info","message":"Server is running on http://localhost:7000","timestamp":"2025-07-05T00:29:51.457Z"}
{"level":"info","message":"PostgreSQL connected!","timestamp":"2025-07-05T00:29:52.565Z"}
{"level":"info","message":"Server is running on http://localhost:7000","timestamp":"2025-07-05T00:32:45.924Z"}
{"level":"info","message":"PostgreSQL connected!","timestamp":"2025-07-05T00:32:46.521Z"}
{"level":"info","message":"Server is running on http://localhost:7000","timestamp":"2025-07-05T00:35:32.316Z"}
{"level":"info","message":"PostgreSQL connected!","timestamp":"2025-07-05T00:35:32.997Z"}
{"level":"info","message":"Server is running on http://localhost:7000","timestamp":"2025-07-05T00:36:33.836Z"}
{"level":"info","message":"PostgreSQL connected!","timestamp":"2025-07-05T00:36:34.474Z"}
{"level":"info","message":"Server is running on http://localhost:7000","timestamp":"2025-07-05T00:42:10.846Z"}
{"level":"info","message":"PostgreSQL connected!","timestamp":"2025-07-05T00:42:11.530Z"}
{"level":"info","message":"Server is running on http://localhost:7000","timestamp":"2025-07-05T00:44:19.750Z"}
{"level":"info","message":"PostgreSQL connected!","timestamp":"2025-07-05T00:44:20.353Z"}
{"level":"info","message":"Server is running on http://localhost:7000","timestamp":"2025-07-05T00:47:58.914Z"}
{"level":"info","message":"PostgreSQL connected!","timestamp":"2025-07-05T00:47:59.704Z"}
{"level":"info","message":"Sentry initialized","timestamp":"2025-07-05T00:48:52.742Z"}
{"level":"info","message":"Server is running on http://localhost:7000","timestamp":"2025-07-05T00:48:52.833Z"}
{"level":"info","message":"PostgreSQL connected!","timestamp":"2025-07-05T00:48:53.501Z"}
{"level":"info","message":"Sentry initialized","timestamp":"2025-07-05T00:50:49.063Z"}
{"level":"info","message":"Server is running on http://localhost:7000","timestamp":"2025-07-05T00:50:49.118Z"}
{"level":"info","message":"PostgreSQL connected!","timestamp":"2025-07-05T00:50:49.733Z"}
{"level":"info","message":"Sentry initialized","timestamp":"2025-07-05T00:52:17.632Z"}
{"level":"info","message":"Server is running on http://localhost:7000","timestamp":"2025-07-05T00:52:17.684Z"}
{"level":"info","message":"PostgreSQL connected!","timestamp":"2025-07-05T00:52:18.472Z"}
{"level":"info","message":"Sentry initialized","timestamp":"2025-07-05T00:54:35.228Z"}
{"level":"info","message":"Server is running on http://localhost:7000","timestamp":"2025-07-05T00:54:35.284Z"}
{"level":"info","message":"PostgreSQL connected!","timestamp":"2025-07-05T00:54:35.965Z"}
{"level":"info","message":"Sentry initialized","timestamp":"2025-07-05T00:59:14.121Z"}
{"level":"info","message":"Server is running on http://localhost:7000","timestamp":"2025-07-05T00:59:14.175Z"}
{"level":"info","message":"PostgreSQL connected!","timestamp":"2025-07-05T00:59:14.749Z"}
{"level":"info","message":"Sentry initialized","timestamp":"2025-07-05T01:01:09.396Z"}
{"level":"info","message":"Server is running on http://localhost:7000","timestamp":"2025-07-05T01:01:09.452Z"}
{"level":"info","message":"PostgreSQL connected!","timestamp":"2025-07-05T01:01:10.034Z"}
{"level":"info","message":"User registered","timestamp":"2025-07-05T01:01:30.075Z","userId":1}
{"level":"info","message":"User logged in!","timestamp":"2025-07-05T01:01:44.482Z","userId":1}
{"level":"info","message":"Sentry initialized","timestamp":"2025-07-05T01:03:51.408Z"}
{"level":"info","message":"Server is running on http://localhost:7000","timestamp":"2025-07-05T01:03:51.461Z"}
{"level":"info","message":"PostgreSQL connected!","timestamp":"2025-07-05T01:03:52.051Z"}
{"level":"info","message":"Sentry initialized","timestamp":"2025-07-05T01:07:18.902Z"}
{"level":"info","message":"Server is running on http://localhost:7000","timestamp":"2025-07-05T01:07:18.969Z"}
{"level":"info","message":"PostgreSQL connected!","timestamp":"2025-07-05T01:07:19.550Z"}
{"level":"info","message":"Budget notification scheduler started","timestamp":"2025-07-05T01:07:20.514Z"}
{"level":"info","message":"Goals notification scheduler started","timestamp":"2025-07-05T01:07:20.554Z"}
{"level":"info","message":"Sentry initialized","timestamp":"2025-07-05T01:09:12.586Z"}
{"level":"info","message":"Server is running on http://localhost:7000","timestamp":"2025-07-05T01:09:12.644Z"}
{"level":"info","message":"PostgreSQL connected!","timestamp":"2025-07-05T01:09:13.214Z"}
{"level":"info","message":"Budget notification scheduler started","timestamp":"2025-07-05T01:09:14.195Z"}
{"level":"info","message":"Goals notification scheduler started","timestamp":"2025-07-05T01:09:14.217Z"}
{"level":"info","message":"Sentry initialized","timestamp":"2025-07-05T01:11:00.667Z"}
{"level":"info","message":"Server is running on http://localhost:7000","timestamp":"2025-07-05T01:11:00.725Z"}
{"level":"info","message":"PostgreSQL connected!","timestamp":"2025-07-05T01:11:01.337Z"}
{"level":"info","message":"Budget notification scheduler started","timestamp":"2025-07-05T01:11:02.326Z"}
{"level":"info","message":"Goals notification scheduler started","timestamp":"2025-07-05T01:11:02.347Z"}
{"level":"info","message":"Sentry initialized","timestamp":"2025-07-05T01:15:23.087Z"}
{"level":"info","message":"Server is running on http://localhost:7000","timestamp":"2025-07-05T01:15:23.169Z"}
{"level":"info","message":"PostgreSQL connected!","timestamp":"2025-07-05T01:15:23.960Z"}
{"level":"info","message":"Budget notification scheduler started","timestamp":"2025-07-05T01:15:25.198Z"}
{"level":"info","message":"Goals notification scheduler started","timestamp":"2025-07-05T01:15:25.225Z"}
{"level":"info","message":"Sentry initialized","timestamp":"2025-07-05T01:21:45.219Z"}
{"level":"info","message":"Server is running on http://localhost:7000","timestamp":"2025-07-05T01:21:45.310Z"}
{"level":"info","message":"PostgreSQL connected!","timestamp":"2025-07-05T01:21:46.148Z"}
{"level":"info","message":"Budget notification scheduler started","timestamp":"2025-07-05T01:21:47.381Z"}
{"level":"info","message":"Goals notification scheduler started","timestamp":"2025-07-05T01:21:47.439Z"}
{"level":"info","message":"User registered","timestamp":"2025-07-05T01:22:55.360Z","userId":1}
